<?xml version="1.0" encoding="UTF-8"?>
<coverage generated="1612736084148" clover="3.2.0">
  <project timestamp="1612736084148" name="All files">
    <metrics statements="57" coveredstatements="56" conditionals="49" coveredconditionals="47" methods="10" coveredmethods="10" elements="116" coveredelements="113" complexity="0" loc="57" ncloc="57" packages="1" files="3" classes="3"/>
    <file name="Task.ts" path="/home/jdon/github/learn/src/Task.ts">
      <metrics statements="45" coveredstatements="45" conditionals="43" coveredconditionals="42" methods="6" coveredmethods="6"/>
      <line num="1" count="1" type="stmt"/>
      <line num="3" count="1" type="stmt"/>
      <line num="9" count="16" type="cond" truecount="4" falsecount="0"/>
      <line num="10" count="1" type="stmt"/>
      <line num="14" count="15" type="stmt"/>
      <line num="18" count="17" type="cond" truecount="4" falsecount="0"/>
      <line num="19" count="1" type="stmt"/>
      <line num="23" count="16" type="stmt"/>
      <line num="27" count="17" type="stmt"/>
      <line num="28" count="16" type="stmt"/>
      <line num="29" count="15" type="stmt"/>
      <line num="33" count="18" type="stmt"/>
      <line num="35" count="18" type="stmt"/>
      <line num="36" count="18" type="cond" truecount="2" falsecount="0"/>
      <line num="37" count="17" type="stmt"/>
      <line num="38" count="17" type="stmt"/>
      <line num="39" count="17" type="stmt"/>
      <line num="41" count="17" type="cond" truecount="4" falsecount="1"/>
      <line num="42" count="17" type="stmt"/>
      <line num="43" count="17" type="stmt"/>
      <line num="44" count="17" type="stmt"/>
      <line num="45" count="17" type="stmt"/>
      <line num="48" count="1" type="stmt"/>
      <line num="57" count="15" type="stmt"/>
      <line num="58" count="15" type="cond" truecount="2" falsecount="0"/>
      <line num="59" count="2" type="stmt"/>
      <line num="60" count="2" type="stmt"/>
      <line num="62" count="15" type="cond" truecount="2" falsecount="0"/>
      <line num="63" count="4" type="cond" truecount="2" falsecount="0"/>
      <line num="64" count="2" type="stmt"/>
      <line num="66" count="2" type="stmt"/>
      <line num="70" count="15" type="stmt"/>
      <line num="74" count="15" type="cond" truecount="2" falsecount="0"/>
      <line num="80" count="4" type="stmt"/>
      <line num="88" count="11" type="cond" truecount="2" falsecount="0"/>
      <line num="89" count="2" type="cond" truecount="2" falsecount="0"/>
      <line num="90" count="1" type="stmt"/>
      <line num="92" count="1" type="stmt"/>
      <line num="95" count="9" type="cond" truecount="4" falsecount="0"/>
      <line num="96" count="6" type="cond" truecount="2" falsecount="0"/>
      <line num="97" count="2" type="stmt"/>
      <line num="104" count="4" type="stmt"/>
      <line num="111" count="3" type="cond" truecount="2" falsecount="0"/>
      <line num="112" count="1" type="stmt"/>
      <line num="119" count="2" type="stmt"/>
    </file>
    <file name="types.ts" path="/home/jdon/github/learn/src/types.ts">
      <metrics statements="10" coveredstatements="9" conditionals="6" coveredconditionals="5" methods="2" coveredmethods="2"/>
      <line num="3" count="1" type="stmt"/>
      <line num="4" count="34" type="cond" truecount="2" falsecount="0"/>
      <line num="5" count="11" type="stmt"/>
      <line num="7" count="23" type="stmt"/>
      <line num="8" count="23" type="cond" truecount="1" falsecount="1"/>
      <line num="9" count="23" type="stmt"/>
      <line num="11" count="0" type="stmt"/>
      <line num="20" count="1" type="cond" truecount="2" falsecount="0"/>
      <line num="21" count="1" type="stmt"/>
      <line num="22" count="1" type="stmt"/>
    </file>
    <file name="utils.ts" path="/home/jdon/github/learn/src/utils.ts">
      <metrics statements="2" coveredstatements="2" conditionals="0" coveredconditionals="0" methods="2" coveredmethods="2"/>
      <line num="3" count="1" type="stmt"/>
      <line num="8" count="3" type="stmt"/>
    </file>
  </project>
</coverage>
