{"/home/jdon/github/learn/src/Task.ts": {"path":"/home/jdon/github/learn/src/Task.ts","statementMap":{"0":{"start":{"line":1,"column":0},"end":{"line":1,"column":55}},"1":{"start":{"line":27,"column":2},"end":{"line":27,"column":38}},"2":{"start":{"line":28,"column":2},"end":{"line":28,"column":44}},"3":{"start":{"line":29,"column":2},"end":{"line":29,"column":25}},"4":{"start":{"line":9,"column":2},"end":{"line":13,"column":null}},"5":{"start":{"line":10,"column":3},"end":{"line":12,"column":5}},"6":{"start":{"line":14,"column":2},"end":{"line":14,"column":16}},"7":{"start":{"line":18,"column":2},"end":{"line":22,"column":null}},"8":{"start":{"line":19,"column":3},"end":{"line":21,"column":5}},"9":{"start":{"line":23,"column":2},"end":{"line":23,"column":14}},"10":{"start":{"line":33,"column":21},"end":{"line":33,"column":24}},"11":{"start":{"line":35,"column":16},"end":{"line":35,"column":38}},"12":{"start":{"line":36,"column":2},"end":{"line":47,"column":null}},"13":{"start":{"line":37,"column":23},"end":{"line":37,"column":36}},"14":{"start":{"line":38,"column":21},"end":{"line":38,"column":34}},"15":{"start":{"line":39,"column":24},"end":{"line":39,"column":46}},"16":{"start":{"line":41,"column":3},"end":{"line":46,"column":null}},"17":{"start":{"line":42,"column":17},"end":{"line":42,"column":39}},"18":{"start":{"line":43,"column":19},"end":{"line":43,"column":43}},"19":{"start":{"line":44,"column":20},"end":{"line":44,"column":32}},"20":{"start":{"line":45,"column":4},"end":{"line":45,"column":43}},"21":{"start":{"line":48,"column":2},"end":{"line":48,"column":74}},"22":{"start":{"line":57,"column":24},"end":{"line":57,"column":35}},"23":{"start":{"line":58,"column":2},"end":{"line":61,"column":null}},"24":{"start":{"line":59,"column":3},"end":{"line":59,"column":12}},"25":{"start":{"line":60,"column":3},"end":{"line":60,"column":22}},"26":{"start":{"line":62,"column":2},"end":{"line":68,"column":null}},"27":{"start":{"line":63,"column":3},"end":{"line":67,"column":null}},"28":{"start":{"line":64,"column":4},"end":{"line":64,"column":27}},"29":{"start":{"line":66,"column":4},"end":{"line":66,"column":35}},"30":{"start":{"line":70,"column":2},"end":{"line":70,"column":58}},"31":{"start":{"line":74,"column":2},"end":{"line":86,"column":null}},"32":{"start":{"line":80,"column":3},"end":{"line":85,"column":5}},"33":{"start":{"line":88,"column":2},"end":{"line":93,"column":null}},"34":{"start":{"line":89,"column":3},"end":{"line":91,"column":null}},"35":{"start":{"line":90,"column":4},"end":{"line":90,"column":73}},"36":{"start":{"line":92,"column":3},"end":{"line":92,"column":69}},"37":{"start":{"line":95,"column":2},"end":{"line":125,"column":null}},"38":{"start":{"line":96,"column":3},"end":{"line":103,"column":null}},"39":{"start":{"line":97,"column":4},"end":{"line":102,"column":6}},"40":{"start":{"line":104,"column":3},"end":{"line":109,"column":5}},"41":{"start":{"line":111,"column":3},"end":{"line":118,"column":null}},"42":{"start":{"line":112,"column":4},"end":{"line":117,"column":6}},"43":{"start":{"line":119,"column":3},"end":{"line":124,"column":5}},"44":{"start":{"line":3,"column":0},"end":{"line":3,"column":21}}},"fnMap":{"0":{"name":"(anonymous_0)","decl":{"start":{"line":26,"column":1},"end":{"line":26,"column":13}},"loc":{"start":{"line":26,"column":66},"end":{"line":30,"column":2}}},"1":{"name":"(anonymous_1)","decl":{"start":{"line":8,"column":9},"end":{"line":8,"column":23}},"loc":{"start":{"line":8,"column":42},"end":{"line":15,"column":2}}},"2":{"name":"(anonymous_2)","decl":{"start":{"line":17,"column":9},"end":{"line":17,"column":21}},"loc":{"start":{"line":17,"column":38},"end":{"line":24,"column":2}}},"3":{"name":"(anonymous_3)","decl":{"start":{"line":32,"column":1},"end":{"line":32,"column":7}},"loc":{"start":{"line":32,"column":24},"end":{"line":49,"column":2}}},"4":{"name":"(anonymous_4)","decl":{"start":{"line":51,"column":9},"end":{"line":51,"column":23}},"loc":{"start":{"line":55,"column":17},"end":{"line":71,"column":2}}},"5":{"name":"(anonymous_5)","decl":{"start":{"line":73,"column":1},"end":{"line":73,"column":8}},"loc":{"start":{"line":73,"column":51},"end":{"line":126,"column":2}}}},"branchMap":{"0":{"loc":{"start":{"line":9,"column":2},"end":{"line":13,"column":null}},"type":"if","locations":[{"start":{"line":9,"column":2},"end":{"line":13,"column":null}},{"start":{"line":9,"column":2},"end":{"line":13,"column":null}}]},"1":{"loc":{"start":{"line":9,"column":6},"end":{"line":9,"column":16}},"type":"binary-expr","locations":[{"start":{"line":9,"column":6},"end":{"line":9,"column":16}},{"start":{"line":9,"column":20},"end":{"line":9,"column":31}}]},"2":{"loc":{"start":{"line":18,"column":2},"end":{"line":22,"column":null}},"type":"if","locations":[{"start":{"line":18,"column":2},"end":{"line":22,"column":null}},{"start":{"line":18,"column":2},"end":{"line":22,"column":null}}]},"3":{"loc":{"start":{"line":18,"column":6},"end":{"line":18,"column":14}},"type":"binary-expr","locations":[{"start":{"line":18,"column":6},"end":{"line":18,"column":14}},{"start":{"line":18,"column":18},"end":{"line":18,"column":27}}]},"4":{"loc":{"start":{"line":36,"column":2},"end":{"line":47,"column":null}},"type":"if","locations":[{"start":{"line":36,"column":2},"end":{"line":47,"column":null}},{"start":{"line":36,"column":2},"end":{"line":47,"column":null}}]},"5":{"loc":{"start":{"line":41,"column":3},"end":{"line":46,"column":null}},"type":"if","locations":[{"start":{"line":41,"column":3},"end":{"line":46,"column":null}},{"start":{"line":41,"column":3},"end":{"line":46,"column":null}}]},"6":{"loc":{"start":{"line":41,"column":7},"end":{"line":41,"column":16}},"type":"binary-expr","locations":[{"start":{"line":41,"column":7},"end":{"line":41,"column":16}},{"start":{"line":41,"column":20},"end":{"line":41,"column":31}},{"start":{"line":41,"column":35},"end":{"line":41,"column":47}}]},"7":{"loc":{"start":{"line":58,"column":2},"end":{"line":61,"column":null}},"type":"if","locations":[{"start":{"line":58,"column":2},"end":{"line":61,"column":null}},{"start":{"line":58,"column":2},"end":{"line":61,"column":null}}]},"8":{"loc":{"start":{"line":62,"column":2},"end":{"line":68,"column":null}},"type":"if","locations":[{"start":{"line":62,"column":2},"end":{"line":68,"column":null}},{"start":{"line":62,"column":2},"end":{"line":68,"column":null}}]},"9":{"loc":{"start":{"line":63,"column":3},"end":{"line":67,"column":null}},"type":"if","locations":[{"start":{"line":63,"column":3},"end":{"line":67,"column":null}},{"start":{"line":63,"column":3},"end":{"line":67,"column":null}}]},"10":{"loc":{"start":{"line":74,"column":2},"end":{"line":86,"column":null}},"type":"if","locations":[{"start":{"line":74,"column":2},"end":{"line":86,"column":null}},{"start":{"line":74,"column":2},"end":{"line":86,"column":null}}]},"11":{"loc":{"start":{"line":75,"column":4},"end":{"line":75,"column":29}},"type":"binary-expr","locations":[{"start":{"line":75,"column":4},"end":{"line":75,"column":29}},{"start":{"line":75,"column":33},"end":{"line":75,"column":62}},{"start":{"line":76,"column":4},"end":{"line":76,"column":21}},{"start":{"line":76,"column":25},"end":{"line":76,"column":44}},{"start":{"line":77,"column":4},"end":{"line":77,"column":29}},{"start":{"line":77,"column":33},"end":{"line":77,"column":52}},{"start":{"line":78,"column":4},"end":{"line":78,"column":21}},{"start":{"line":78,"column":25},"end":{"line":78,"column":54}}]},"12":{"loc":{"start":{"line":88,"column":2},"end":{"line":93,"column":null}},"type":"if","locations":[{"start":{"line":88,"column":2},"end":{"line":93,"column":null}},{"start":{"line":88,"column":2},"end":{"line":93,"column":null}}]},"13":{"loc":{"start":{"line":89,"column":3},"end":{"line":91,"column":null}},"type":"if","locations":[{"start":{"line":89,"column":3},"end":{"line":91,"column":null}},{"start":{"line":89,"column":3},"end":{"line":91,"column":null}}]},"14":{"loc":{"start":{"line":95,"column":2},"end":{"line":125,"column":null}},"type":"if","locations":[{"start":{"line":95,"column":2},"end":{"line":125,"column":null}},{"start":{"line":95,"column":2},"end":{"line":125,"column":null}}]},"15":{"loc":{"start":{"line":95,"column":6},"end":{"line":95,"column":23}},"type":"binary-expr","locations":[{"start":{"line":95,"column":6},"end":{"line":95,"column":23}},{"start":{"line":95,"column":27},"end":{"line":95,"column":52}}]},"16":{"loc":{"start":{"line":96,"column":3},"end":{"line":103,"column":null}},"type":"if","locations":[{"start":{"line":96,"column":3},"end":{"line":103,"column":null}},{"start":{"line":96,"column":3},"end":{"line":103,"column":null}}]},"17":{"loc":{"start":{"line":111,"column":3},"end":{"line":118,"column":null}},"type":"if","locations":[{"start":{"line":111,"column":3},"end":{"line":118,"column":null}},{"start":{"line":111,"column":3},"end":{"line":118,"column":null}}]}},"s":{"0":1,"1":17,"2":16,"3":15,"4":16,"5":1,"6":15,"7":17,"8":1,"9":16,"10":18,"11":18,"12":18,"13":17,"14":17,"15":17,"16":17,"17":17,"18":17,"19":17,"20":17,"21":1,"22":15,"23":15,"24":2,"25":2,"26":15,"27":4,"28":2,"29":2,"30":15,"31":15,"32":4,"33":11,"34":2,"35":1,"36":1,"37":9,"38":6,"39":2,"40":4,"41":3,"42":1,"43":2,"44":1},"f":{"0":17,"1":16,"2":17,"3":18,"4":15,"5":15},"b":{"0":[1,15],"1":[16,16],"2":[1,16],"3":[17,17],"4":[17,1],"5":[17,0],"6":[17,17,17],"7":[2,13],"8":[4,11],"9":[2,2],"10":[4,11],"11":[15,4,14,6,12,3,11,4],"12":[2,9],"13":[1,1],"14":[6,3],"15":[9,5],"16":[2,4],"17":[1,2]}}
,"/home/jdon/github/learn/src/types.ts": {"path":"/home/jdon/github/learn/src/types.ts","statementMap":{"0":{"start":{"line":3,"column":13},"end":{"line":12,"column":2}},"1":{"start":{"line":4,"column":1},"end":{"line":6,"column":null}},"2":{"start":{"line":5,"column":2},"end":{"line":5,"column":13}},"3":{"start":{"line":7,"column":25},"end":{"line":7,"column":42}},"4":{"start":{"line":8,"column":1},"end":{"line":10,"column":null}},"5":{"start":{"line":9,"column":2},"end":{"line":9,"column":25}},"6":{"start":{"line":11,"column":1},"end":{"line":11,"column":43}},"7":{"start":{"line":20,"column":0},"end":{"line":20,"column":null}},"8":{"start":{"line":21,"column":1},"end":{"line":21,"column":null}},"9":{"start":{"line":22,"column":1},"end":{"line":22,"column":null}}},"fnMap":{"0":{"name":"(anonymous_0)","decl":{"start":{"line":3,"column":27},"end":{"line":3,"column":28}},"loc":{"start":{"line":3,"column":55},"end":{"line":12,"column":1}}},"1":{"name":"(anonymous_1)","decl":{"start":{"line":20,"column":0},"end":{"line":20,"column":12}},"loc":{"start":{"line":20,"column":15},"end":{"line":23,"column":1}}}},"branchMap":{"0":{"loc":{"start":{"line":4,"column":1},"end":{"line":6,"column":null}},"type":"if","locations":[{"start":{"line":4,"column":1},"end":{"line":6,"column":null}},{"start":{"line":4,"column":1},"end":{"line":6,"column":null}}]},"1":{"loc":{"start":{"line":8,"column":1},"end":{"line":10,"column":null}},"type":"if","locations":[{"start":{"line":8,"column":1},"end":{"line":10,"column":null}},{"start":{"line":8,"column":1},"end":{"line":10,"column":null}}]},"2":{"loc":{"start":{"line":20,"column":12},"end":{"line":20,"column":15}},"type":"binary-expr","locations":[{"start":{"line":20,"column":12},"end":{"line":20,"column":15}},{"start":{"line":20,"column":12},"end":{"line":20,"column":null}}]}},"s":{"0":1,"1":34,"2":11,"3":23,"4":23,"5":23,"6":0,"7":1,"8":1,"9":1},"f":{"0":34,"1":1},"b":{"0":[11,23],"1":[23,0],"2":[1,1]}}
,"/home/jdon/github/learn/src/utils.ts": {"path":"/home/jdon/github/learn/src/utils.ts","statementMap":{"0":{"start":{"line":3,"column":13},"end":{"line":9,"column":2}},"1":{"start":{"line":8,"column":1},"end":{"line":8,"column":79}},"2":{"start":{"line":8,"column":37},"end":{"line":8,"column":77}}},"fnMap":{"0":{"name":"(anonymous_0)","decl":{"start":{"line":3,"column":28},"end":{"line":3,"column":null}},"loc":{"start":{"line":7,"column":14},"end":{"line":9,"column":1}}},"1":{"name":"(anonymous_1)","decl":{"start":{"line":8,"column":27},"end":{"line":8,"column":28}},"loc":{"start":{"line":8,"column":37},"end":{"line":8,"column":77}}}},"branchMap":{},"s":{"0":1,"1":1,"2":3},"f":{"0":1,"1":3},"b":{}}
}
