TN:
SF:src/Task.ts
FN:26,(anonymous_0)
FN:8,(anonymous_1)
FN:17,(anonymous_2)
FN:32,(anonymous_3)
FN:51,(anonymous_4)
FN:73,(anonymous_5)
FNF:6
FNH:6
FNDA:17,(anonymous_0)
FNDA:16,(anonymous_1)
FNDA:17,(anonymous_2)
FNDA:18,(anonymous_3)
FNDA:15,(anonymous_4)
FNDA:15,(anonymous_5)
DA:1,1
DA:3,1
DA:9,16
DA:10,1
DA:14,15
DA:18,17
DA:19,1
DA:23,16
DA:27,17
DA:28,16
DA:29,15
DA:33,18
DA:35,18
DA:36,18
DA:37,17
DA:38,17
DA:39,17
DA:41,17
DA:42,17
DA:43,17
DA:44,17
DA:45,17
DA:48,1
DA:57,15
DA:58,15
DA:59,2
DA:60,2
DA:62,15
DA:63,4
DA:64,2
DA:66,2
DA:70,15
DA:74,15
DA:80,4
DA:88,11
DA:89,2
DA:90,1
DA:92,1
DA:95,9
DA:96,6
DA:97,2
DA:104,4
DA:111,3
DA:112,1
DA:119,2
LF:45
LH:45
BRDA:9,0,0,1
BRDA:9,0,1,15
BRDA:9,1,0,16
BRDA:9,1,1,16
BRDA:18,2,0,1
BRDA:18,2,1,16
BRDA:18,3,0,17
BRDA:18,3,1,17
BRDA:36,4,0,17
BRDA:36,4,1,1
BRDA:41,5,0,17
BRDA:41,5,1,0
BRDA:41,6,0,17
BRDA:41,6,1,17
BRDA:41,6,2,17
BRDA:58,7,0,2
BRDA:58,7,1,13
BRDA:62,8,0,4
BRDA:62,8,1,11
BRDA:63,9,0,2
BRDA:63,9,1,2
BRDA:74,10,0,4
BRDA:74,10,1,11
BRDA:75,11,0,15
BRDA:75,11,1,4
BRDA:75,11,2,14
BRDA:75,11,3,6
BRDA:75,11,4,12
BRDA:75,11,5,3
BRDA:75,11,6,11
BRDA:75,11,7,4
BRDA:88,12,0,2
BRDA:88,12,1,9
BRDA:89,13,0,1
BRDA:89,13,1,1
BRDA:95,14,0,6
BRDA:95,14,1,3
BRDA:95,15,0,9
BRDA:95,15,1,5
BRDA:96,16,0,2
BRDA:96,16,1,4
BRDA:111,17,0,1
BRDA:111,17,1,2
BRF:43
BRH:42
end_of_record
TN:
SF:src/types.ts
FN:3,(anonymous_0)
FN:20,(anonymous_1)
FNF:2
FNH:2
FNDA:34,(anonymous_0)
FNDA:1,(anonymous_1)
DA:3,1
DA:4,34
DA:5,11
DA:7,23
DA:8,23
DA:9,23
DA:11,0
DA:20,1
DA:21,1
DA:22,1
LF:10
LH:9
BRDA:4,0,0,11
BRDA:4,0,1,23
BRDA:8,1,0,23
BRDA:8,1,1,0
BRDA:20,2,0,1
BRDA:20,2,1,1
BRF:6
BRH:5
end_of_record
TN:
SF:src/utils.ts
FN:3,(anonymous_0)
FN:8,(anonymous_1)
FNF:2
FNH:2
FNDA:1,(anonymous_0)
FNDA:3,(anonymous_1)
DA:3,1
DA:8,3
LF:2
LH:2
BRF:0
BRH:0
end_of_record
